<?xml version="1.0" encoding="utf-8"?><testsuites name="pytest tests"><testsuite name="pytest" errors="0" failures="0" skipped="0" tests="6" time="1.732" timestamp="2026-08-28T13:30:12.733491+00:00" hostname="agent-env-584636ed-413f-4083-9587-194d7d996b19"><testcase classname="tests.test_penfight_api" name="test_root" time="0.209" /><testcase classname="tests.test_penfight_api" name="test_stats_shape" time="0.109" /><testcase classname="tests.test_penfight_api" name="test_list_matches" time="0.134" /><testcase classname="tests.test_penfight_api" name="test_create_match_ai_and_persist" time="0.282" /><testcase classname="tests.test_penfight_api" name="test_create_match_local" time="0.334" /><testcase classname="tests.test_penfight_api" name="test_create_match_validation" time="0.124" /></testsuite></testsuites>